2026-06-11 13:31:33 | INFO | utils | Downloading NLTK package: punkt
2026-06-11 13:31:41 | INFO | utils | Downloading NLTK package: punkt_tab
2026-06-11 13:31:45 | INFO | utils | Downloading NLTK package: stopwords
2026-06-11 13:31:45 | INFO | utils | Downloading NLTK package: wordnet
2026-06-11 13:31:58 | INFO | utils | Downloading NLTK package: omw-1.4
2026-06-11 13:32:21 | INFO | faq_manager | Loaded 20 FAQs from C:\Users\Mihir Hisaria\faq chatbot\data\faq_data.json
2026-06-11 13:32:21 | INFO | faq_manager | FAQManager initialized | 20 FAQs loaded
2026-06-11 13:32:24 | INFO | chatbot | FAQ TF-IDF index rebuilt | 20 questions indexed
2026-06-11 13:32:25 | INFO | voice_handler | SpeechRecognition initialized successfully.
2026-06-11 13:32:25 | INFO | comtypes.client._code_cache | Could not import comtypes.gen, trying to create it.
2026-06-11 13:32:25 | INFO | comtypes.client._code_cache | Created comtypes.gen directory: 'C:\Users\Mihir Hisaria\AppData\Roaming\Python\Python314\site-packages\comtypes\gen'
2026-06-11 13:32:25 | INFO | comtypes.client._code_cache | Writing __init__.py file: 'C:\Users\Mihir Hisaria\AppData\Roaming\Python\Python314\site-packages\comtypes\gen\__init__.py'
2026-06-11 13:32:25 | INFO | comtypes.client._code_cache | Using writeable comtypes cache directory: 'C:\Users\Mihir Hisaria\AppData\Roaming\Python\Python314\site-packages\comtypes\gen'
2026-06-11 13:32:25 | INFO | comtypes.client._generate | Could not import comtypes.gen._C866CA3A_32F7_11D2_9602_00C04F8EE628_0_5_4: No module named 'comtypes.gen._C866CA3A_32F7_11D2_9602_00C04F8EE628_0_5_4'
2026-06-11 13:32:25 | INFO | comtypes.client._generate | # Generating comtypes.gen._C866CA3A_32F7_11D2_9602_00C04F8EE628_0_5_4
2026-06-11 13:32:25 | INFO | comtypes.client._generate | # Generating comtypes.gen.SpeechLib
2026-06-11 13:32:25 | INFO | comtypes.client._generate | Could not import comtypes.gen._00020430_0000_0000_C000_000000000046_0_2_0: No module named 'comtypes.gen._00020430_0000_0000_C000_000000000046_0_2_0'
2026-06-11 13:32:25 | INFO | comtypes.client._generate | # Generating comtypes.gen._00020430_0000_0000_C000_000000000046_0_2_0
2026-06-11 13:32:25 | INFO | comtypes.client._generate | # Generating comtypes.gen.stdole
2026-06-11 13:32:26 | INFO | voice_handler | pyttsx3 TTS engine initialized.
2026-06-11 13:32:26 | INFO | analytics | AnalyticsManager initialized | log=C:\Users\Mihir Hisaria\faq chatbot\logs\query_log.csv
2026-06-11 13:55:33 | INFO | chatbot | FAQ TF-IDF index rebuilt | 20 questions indexed
2026-06-11 14:05:26 | INFO | chatbot | FAQ TF-IDF index rebuilt | 20 questions indexed
2026-06-11 18:30:27 | ERROR | asyncio | Exception in callback _ProactorBasePipeTransport._call_connection_lost()
handle: <Handle _ProactorBasePipeTransport._call_connection_lost()>
Traceback (most recent call last):
  File "C:\Python314\Lib\asyncio\events.py", line 94, in _run
    self._context.run(self._callback, *self._args)
    ~~~~~~~~~~~~~~~~~^^^^^^^^^^^^^^^^^^^^^^^^^^^^^
  File "C:\Python314\Lib\asyncio\proactor_events.py", line 165, in _call_connection_lost
    self._sock.shutdown(socket.SHUT_RDWR)
    ~~~~~~~~~~~~~~~~~~~^^^^^^^^^^^^^^^^^^
ConnectionResetError: [WinError 10054] An existing connection was forcibly closed by the remote host
